<?xml version="1.0" encoding="UTF-8"?>
<!-- Generated by org.testng.reporters.JUnitReportReporter -->
<testsuite skipped="0" hostname="LNLA010P3014" name="TestNG_Demo2" tests="3" failures="0" timestamp="2020-08-17T17:46:42 IST" time="0.042" errors="0">
  <testcase name="testLogin" time="0.027" classname="TestNG_Demo2"/>
  <testcase name="testLogin" time="0.012" classname="TestNG_Demo2"/>
  <testcase name="testLogin" time="0.003" classname="TestNG_Demo2"/>
</testsuite> <!-- TestNG_Demo2 -->
