<?xml version="1.0" encoding="UTF-8"?>
<!-- Generated by org.testng.reporters.JUnitReportReporter -->
<testsuite skipped="0" hostname="LNLA010P3014" name="TestNG_Demo1" tests="3" failures="0" timestamp="2020-08-17T08:17:16 IST" time="0.106" errors="0">
  <testcase name="testRegister" time="0.035" classname="TestNG_Demo1"/>
  <testcase name="testlogin" time="0.030" classname="TestNG_Demo1"/>
  <testcase name="testHomePage" time="0.041" classname="TestNG_Demo1"/>
</testsuite> <!-- TestNG_Demo1 -->
